Arguments: 
  /usr/local/bin/node /Users/ardiansyahiqbal/.yarn/bin/yarn.js add /

PATH: 
  /Users/ardiansyahiqbal/.yarn/bin:/Users/ardiansyahiqbal/.config/yarn/global/node_modules/.bin:/Applications/MAMP/bin/php/php7.2.14/bin:/Applications/MAMP/Library/bin:/platform-tools:/tools:/usr/local/bin:/usr/bin:/bin:/usr/sbin:/sbin:/Users/ardiansyahiqbal/.yarn/bin:/Users/ardiansyahiqbal/.config/yarn/global/node_modules/.bin:/Applications/MAMP/bin/php/php7.2.14/bin:/Applications/MAMP/Library/bin:/platform-tools:/tools

Yarn version: 
  1.12.3

Node version: 
  11.10.0

Platform: 
  darwin x64

Trace: 
  Error: EACCES: permission denied, scandir '/.DocumentRevisions-V100'

npm manifest: 
  {
    "name": "ckeditor",
    "version": "1.0.0",
    "main": "index.js",
    "license": "MIT",
    "dependencies": {
      "@ckeditor/ckeditor5-table": "^12.0.1"
    }
  }

yarn manifest: 
  No manifest

Lockfile: 
  # THIS IS AN AUTOGENERATED FILE. DO NOT EDIT THIS FILE DIRECTLY.
  # yarn lockfile v1
  
  
  "@ckeditor/ckeditor5-core@^12.1.0":
    version "12.1.0"
    resolved "https://registry.yarnpkg.com/@ckeditor/ckeditor5-core/-/ckeditor5-core-12.1.0.tgz#a6f89583b066efb384f66e2f6c660d0378b786ec"
    integrity sha512-6WyJjMrdtVLanJaDjnsf08NToVH6z2onZQu+R442po/JdNM7gH5vEdeKpPSNhq0bJp89dbb7V1HZdul7mG6k9Q==
    dependencies:
      "@ckeditor/ckeditor5-engine" "^13.1.0"
      "@ckeditor/ckeditor5-utils" "^12.1.0"
      lodash-es "^4.17.10"
  
  "@ckeditor/ckeditor5-engine@^13.1.0":
    version "13.1.0"
    resolved "https://registry.yarnpkg.com/@ckeditor/ckeditor5-engine/-/ckeditor5-engine-13.1.0.tgz#3fee9664234ce39920ea8b18e501378eeb1eec28"
    integrity sha512-RZ8wiS2Ymz9Yrdsd9qF9x4OhJW2PsJHaRiKPznOkELIAVIIk7b4RcAPIX9JEGbQu2Pbxn9GDYh4hQ+bHa7Qzfg==
    dependencies:
      "@ckeditor/ckeditor5-utils" "^12.1.0"
      lodash-es "^4.17.10"
  
  "@ckeditor/ckeditor5-table@^12.0.1":
    version "12.0.1"
    resolved "https://registry.yarnpkg.com/@ckeditor/ckeditor5-table/-/ckeditor5-table-12.0.1.tgz#3ff5570b6bdeebcf928e4b23fae6650da7dc8ec0"
    integrity sha512-Lww9kTUMetBn/wjrazfjLKQYAU8aylqjkRsLSQvO1e3ztMlPRUEjdzMy9sBcwlWfczXSkAEbNrI917+PbISisQ==
    dependencies:
      "@ckeditor/ckeditor5-core" "^12.1.0"
      "@ckeditor/ckeditor5-ui" "^12.1.0"
      "@ckeditor/ckeditor5-widget" "^11.0.1"
  
  "@ckeditor/ckeditor5-ui@^12.1.0":
    version "12.1.0"
    resolved "https://registry.yarnpkg.com/@ckeditor/ckeditor5-ui/-/ckeditor5-ui-12.1.0.tgz#9e594e80009788cc7094d700149ff2dc134f53ba"
    integrity sha512-RwixUS8mSUOXJfaiWBAVuVPqvqrAkX+snz2zJ+LDIdRDcqiAiK8oVeneNYoHYN3qOFqI31KK/EK38MupINMTbQ==
    dependencies:
      "@ckeditor/ckeditor5-core" "^12.1.0"
      "@ckeditor/ckeditor5-utils" "^12.1.0"
      lodash-es "^4.17.10"
  
  "@ckeditor/ckeditor5-utils@^12.1.0":
    version "12.1.0"
    resolved "https://registry.yarnpkg.com/@ckeditor/ckeditor5-utils/-/ckeditor5-utils-12.1.0.tgz#9becd0849df8322c137ba32440dc11d770482809"
    integrity sha512-RoayI8F7n6Ypyj41PVHESyDJdiVNcQq++8ebkAMyV/pwnc7eXQ88DKa1iHfnnHhQeFhIpM6bLGHWy+ANN4hoPA==
    dependencies:
      ckeditor5 "^12.1.0"
      lodash-es "^4.17.10"
  
  "@ckeditor/ckeditor5-widget@^11.0.1":
    version "11.0.1"
    resolved "https://registry.yarnpkg.com/@ckeditor/ckeditor5-widget/-/ckeditor5-widget-11.0.1.tgz#732735fddc882821f3e77682a44b7cf117e4098f"
    integrity sha512-Rm/OpFLrNaHNlQ+t49eyjavdve8f/B+xIMlT8MGrd2dw1tpFqGAwTXytJIaeNZqfWKg8LMQyT0LvjFoyQFkQVA==
    dependencies:
      "@ckeditor/ckeditor5-core" "^12.1.0"
      "@ckeditor/ckeditor5-engine" "^13.1.0"
      "@ckeditor/ckeditor5-ui" "^12.1.0"
      "@ckeditor/ckeditor5-utils" "^12.1.0"
  
  ckeditor5@^12.1.0:
    version "12.1.0"
    resolved "https://registry.yarnpkg.com/ckeditor5/-/ckeditor5-12.1.0.tgz#90727a05927bed1d1be7c96fae4ba91d1b8dfeaa"
    integrity sha512-uxedeLRnQld36BcuUykdhW3aDT0EqvZV/hJH6or/JsyXaGS1t1AW/f0MxuVaZhLtLgVDpyz1ialrVn2icIdWXw==
  
  lodash-es@^4.17.10:
    version "4.17.11"
    resolved "https://registry.yarnpkg.com/lodash-es/-/lodash-es-4.17.11.tgz#145ab4a7ac5c5e52a3531fb4f310255a152b4be0"
    integrity sha512-DHb1ub+rMjjrxqlB3H56/6MXtm1lSksDp2rA2cNWjG8mlDUYFhUj3Di2Zn5IwSU87xLv8tNIQ7sSwE/YOX/D/Q==
